23-05-16 11:29:20.362 - INFO:   name: INCA_JPEG_train_template
  use_tb_logger: True
  model: INCA
  scale: 2
  gpu_ids: [0]
  datasets:[
    train:[
      name: DIV2K
      mode: LQGT
      dataroot_GT: /data/fengxm/DIV2K/DIV2K_train_HR
      use_shuffle: True
      n_workers: 6
      batch_size: 2
      GT_size: 128
      use_flip: True
      use_rot: True
      color: RGB
      phase: train
      scale: 2
      data_type: img
    ]
    val:[
      name: val_DIV2K
      mode: LQGT
      dataroot_GT: /data/fengxm/DIV2K/DIV2K_valid_HR
      phase: val
      scale: 2
      data_type: img
    ]
  ]
  network:[
    wave_type: iwave
    subnet: learn_lifting97
    in_nc: 3
    out_nc: 3
    e_blocks: 5
    v_blocks: 3
    scale: 2
    gmm_components: 5
    init: xavier
  ]
  path:[
    pretrain_model: None
    strict_load: True
    resume_state: None
    root: /code/INCA
    experiments_root: /code/INCA/experiments/INCA_JPEG_train_template
    models: /code/INCA/experiments/INCA_JPEG_train_template/models
    training_state: /code/INCA/experiments/INCA_JPEG_train_template/training_state
    log: /code/INCA/experiments/INCA_JPEG_train_template
    val_images: /code/INCA/experiments/INCA_JPEG_train_template/val_images
  ]
  train:[
    use_diffcomp: True
    use_realcomp: True
    comp_format: JPEG
    comp_quality: 75
    lr: 0.0002
    beta1: 0.9
    beta2: 0.999
    niter: 500000
    warmup_iter: -1
    lr_scheme: MultiStepLR
    lr_steps: [100000, 200000, 300000, 400000]
    lr_gamma: 0.5
    pixel_criterion_forw: l2
    pixel_criterion_back: l1
    manual_seed: 10
    val_freq: 5000.0
    lambda_fit_wave: 0.5.
    lambda_fit_bicu: 0.0
    lambda_fit_real: 1.0
    weight_decay: 1e-05
    gradient_clipping: 10
  ]
  logger:[
    print_freq: 100
    save_checkpoint_freq: 5000.0
  ]
  is_train: True
  dist: False

23-05-16 11:29:20.583 - INFO: Random seed: 10
23-05-16 11:29:20.609 - INFO: Dataset [LQGTDataset - DIV2K] is created.
23-05-16 11:29:20.610 - INFO: Number of train images: 800, iters: 400
23-05-16 11:29:20.610 - INFO: Total epochs needed: 1250 for iters 500,000
23-05-16 11:29:20.612 - INFO: Dataset [LQGTDataset - val_DIV2K] is created.
23-05-16 11:29:20.612 - INFO: Number of val images in [val_DIV2K]: 100
